[21:00:50] [ServerMain/INFO]: Environment: Environment[sessionHost=https://sessionserver.mojang.com, servicesHost=https://api.minecraftservices.com, name=PROD]
[21:00:51] [ServerMain/INFO]: Loaded 1407 recipes
[21:00:51] [ServerMain/INFO]: Loaded 1520 advancements
[21:00:52] [Server thread/INFO]: Starting minecraft server version 1.21.8
[21:00:52] [Server thread/INFO]: Loading properties
[21:00:52] [Server thread/INFO]: Default game type: SURVIVAL
[21:00:52] [Server thread/INFO]: Generating keypair
[21:00:52] [Server thread/INFO]: Starting Minecraft server on *:25565
[21:00:52] [Server thread/INFO]: Using epoll channel type
[21:00:52] [Server thread/WARN]: **** SERVER IS RUNNING IN OFFLINE/INSECURE MODE!
[21:00:52] [Server thread/WARN]: The server will make no attempt to authenticate usernames. Beware.
[21:00:52] [Server thread/WARN]: While this makes the game possible to play without internet access, it also opens up the ability for hackers to connect with any username they choose.
[21:00:52] [Server thread/WARN]: To change this, set "online-mode" to "true" in the server.properties file.
[21:00:52] [Server thread/INFO]: Preparing level "world"
[21:00:52] [Server thread/INFO]: Preparing start region for dimension minecraft:overworld
[21:00:55] [Worker-Main-2/INFO]: Preparing spawn area: 0%
[21:00:55] [Worker-Main-2/INFO]: Preparing spawn area: 0%
[21:00:55] [Worker-Main-2/INFO]: Preparing spawn area: 0%
[21:00:55] [Worker-Main-2/INFO]: Preparing spawn area: 0%
[21:00:55] [Worker-Main-2/INFO]: Preparing spawn area: 0%
[21:00:55] [Worker-Main-3/INFO]: Preparing spawn area: 0%
[21:00:55] [Server thread/INFO]: Time elapsed: 2595 ms
[21:00:55] [Server thread/INFO]: Done (3.093s)! For help, type "help"
[21:01:42] [Server thread/INFO]: isafebrero[/172.30.35.230:55903] logged in with entity id 4 at (29.649416197958047, 128.0, 1113.3205844532226)
[21:01:42] [Server thread/INFO]: isafebrero joined the game
[21:03:45] [Server thread/INFO]: isafebrero lost connection: Disconnected
[21:03:45] [Server thread/INFO]: isafebrero left the game
[21:04:21] [Server thread/INFO]: sebas2011junio[/172.30.35.230:56063] logged in with entity id 703 at (417.9055106014502, 244.0, 809.3470080278247)
[21:04:21] [Server thread/INFO]: sebas2011junio joined the game
[21:06:55] [Server thread/INFO]: sebas2011junio lost connection: Disconnected
[21:06:55] [Server thread/INFO]: sebas2011junio left the game
[21:07:35] [Server thread/INFO]: isafebrero[/172.30.35.230:56248] logged in with entity id 4107 at (15.136977921964256, 128.0, 765.9228857420142)
[21:07:35] [Server thread/INFO]: isafebrero joined the game
